{"name": "test_buy_products_1", "status": "broken", "statusDetails": {"message": "selenium.common.exceptions.TimeoutException: Message: \nStacktrace:\nBacktrace:\n\t(No symbol) [0x0033F243]\n\t(No symbol) [0x002C7FD1]\n\t(No symbol) [0x001BD04D]\n\t(No symbol) [0x001EC0B0]\n\t(No symbol) [0x001EC22B]\n\t(No symbol) [0x0021E612]\n\t(No symbol) [0x002085D4]\n\t(No symbol) [0x0021C9EB]\n\t(No symbol) [0x00208386]\n\t(No symbol) [0x001E163C]\n\t(No symbol) [0x001E269D]\n\tGetHandleVerifier [0x005D9A22+2655074]\n\tGetHandleVerifier [0x005CCA24+2601828]\n\tGetHandleVerifier [0x003E8C0A+619850]\n\tGetHandleVerifier [0x003E7830+614768]\n\t(No symbol) [0x002D05FC]\n\t(No symbol) [0x002D5968]\n\t(No symbol) [0x002D5A55]\n\t(No symbol) [0x002E051B]\n\tBaseThreadInitThunk [0x7609FEF9+25]\n\tRtlGetAppContainerNamedObjectPath [0x77147BBE+286]\n\tRtlGetAppContainerNamedObjectPath [0x77147B8E+238]", "trace": "set_up = None\n\n    def test_buy_products_1(set_up):\n        options = Options()\n        options.add_experimental_option(\"excludeSwitches\", ['enable-logging'])\n        # options.add_argument(\"user-agent=[Mozilla/5.0 (Windows NT 10.0; Win64; x64) AppleWebKit/537.36 (KHTML, like Gecko) Chrome/107.0.0.0 Safari/537.36]\")\n        driver = webdriver.Chrome(executable_path='C:\\\\Users\\\\User\\\\PycharmProjects\\\\resource\\\\chromedriver.exe',\n                                  chrome_options=options)\n        print(\"Start Test 1\")\n    \n        \"\"\"Открыть страницу логина и авторизоваться\"\"\"\n        login = Login_page(driver)\n        login.authorization()\n    \n        \"\"\"Перейти на страницу электроинструмент\"\"\"\n        sdc = Personal_page(driver)\n        sdc.select_power_tool_page()\n    \n        \"\"\"Кликнуть аккумуляторные дрелли и шуруповёрты\"\"\"\n        cdc = Tools_page(driver)\n        cdc.click_get_rechargeable_drills()\n    \n        \"\"\"Задать фильтра\"\"\"\n        cdc.price_filter_3000()\n    \n        \"\"\"Выбрать дрель STOMER_SAD_98290103\"\"\"\n>       cdc.click_drill_STOMER_SAD_98290103()\n\ntests\\test_buy_product.py:55: \n_ _ _ _ _ _ _ _ _ _ _ _ _ _ _ _ _ _ _ _ _ _ _ _ _ _ _ _ _ _ _ _ _ _ _ _ _ _ _ _ _ _ _ _ _ _ _ _ _ _ _ _ _ _ _ _ _ _ _ _ _ _ _ _ _ _ _ _ _ _ _ _\npages\\tools.py:105: in click_drill_STOMER_SAD_98290103\n    self.get_button_add_quantity().click()\npages\\tools.py:60: in get_button_add_quantity\n    return WebDriverWait(self.driver, 30).until(EC.element_to_be_clickable((By.XPATH, self.button_add_quantity)))\n_ _ _ _ _ _ _ _ _ _ _ _ _ _ _ _ _ _ _ _ _ _ _ _ _ _ _ _ _ _ _ _ _ _ _ _ _ _ _ _ _ _ _ _ _ _ _ _ _ _ _ _ _ _ _ _ _ _ _ _ _ _ _ _ _ _ _ _ _ _ _ _\n\nself = <selenium.webdriver.support.wait.WebDriverWait (session=\"4723e526dff15b016cee00e494741e92\")>\nmethod = <function element_to_be_clickable.<locals>._predicate at 0x000002828374D1B0>, message = ''\n\n    def until(self, method, message: str = \"\"):\n        \"\"\"Calls the method provided with the driver as an argument until the \\\n        return value does not evaluate to ``False``.\n    \n        :param method: callable(WebDriver)\n        :param message: optional message for :exc:`TimeoutException`\n        :returns: the result of the last call to `method`\n        :raises: :exc:`selenium.common.exceptions.TimeoutException` if timeout occurs\n        \"\"\"\n        screen = None\n        stacktrace = None\n    \n        end_time = time.monotonic() + self._timeout\n        while True:\n            try:\n                value = method(self._driver)\n                if value:\n                    return value\n            except self._ignored_exceptions as exc:\n                screen = getattr(exc, 'screen', None)\n                stacktrace = getattr(exc, 'stacktrace', None)\n            time.sleep(self._poll)\n            if time.monotonic() > end_time:\n                break\n>       raise TimeoutException(message, screen, stacktrace)\nE       selenium.common.exceptions.TimeoutException: Message: \nE       Stacktrace:\nE       Backtrace:\nE       \t(No symbol) [0x0033F243]\nE       \t(No symbol) [0x002C7FD1]\nE       \t(No symbol) [0x001BD04D]\nE       \t(No symbol) [0x001EC0B0]\nE       \t(No symbol) [0x001EC22B]\nE       \t(No symbol) [0x0021E612]\nE       \t(No symbol) [0x002085D4]\nE       \t(No symbol) [0x0021C9EB]\nE       \t(No symbol) [0x00208386]\nE       \t(No symbol) [0x001E163C]\nE       \t(No symbol) [0x001E269D]\nE       \tGetHandleVerifier [0x005D9A22+2655074]\nE       \tGetHandleVerifier [0x005CCA24+2601828]\nE       \tGetHandleVerifier [0x003E8C0A+619850]\nE       \tGetHandleVerifier [0x003E7830+614768]\nE       \t(No symbol) [0x002D05FC]\nE       \t(No symbol) [0x002D5968]\nE       \t(No symbol) [0x002D5A55]\nE       \t(No symbol) [0x002E051B]\nE       \tBaseThreadInitThunk [0x7609FEF9+25]\nE       \tRtlGetAppContainerNamedObjectPath [0x77147BBE+286]\nE       \tRtlGetAppContainerNamedObjectPath [0x77147B8E+238]\n\n..\\..\\..\\..\\AppData\\Local\\Programs\\Python\\Python310\\lib\\site-packages\\selenium\\webdriver\\support\\wait.py:90: TimeoutException"}, "steps": [{"name": "Authorization", "status": "passed", "start": 1670241347009, "stop": 1670241355893}, {"name": "Select power tool page", "status": "passed", "start": 1670241355893, "stop": 1670241358528}, {"name": "Click drill STOMER SAD 98290103", "status": "broken", "statusDetails": {"message": "selenium.common.exceptions.TimeoutException: Message: \nStacktrace:\nBacktrace:\n\t(No symbol) [0x0033F243]\n\t(No symbol) [0x002C7FD1]\n\t(No symbol) [0x001BD04D]\n\t(No symbol) [0x001EC0B0]\n\t(No symbol) [0x001EC22B]\n\t(No symbol) [0x0021E612]\n\t(No symbol) [0x002085D4]\n\t(No symbol) [0x0021C9EB]\n\t(No symbol) [0x00208386]\n\t(No symbol) [0x001E163C]\n\t(No symbol) [0x001E269D]\n\tGetHandleVerifier [0x005D9A22+2655074]\n\tGetHandleVerifier [0x005CCA24+2601828]\n\tGetHandleVerifier [0x003E8C0A+619850]\n\tGetHandleVerifier [0x003E7830+614768]\n\t(No symbol) [0x002D05FC]\n\t(No symbol) [0x002D5968]\n\t(No symbol) [0x002D5A55]\n\t(No symbol) [0x002E051B]\n\tBaseThreadInitThunk [0x7609FEF9+25]\n\tRtlGetAppContainerNamedObjectPath [0x77147BBE+286]\n\tRtlGetAppContainerNamedObjectPath [0x77147B8E+238]\n\n", "trace": "  File \"C:\\Users\\User\\PycharmProjects\\pythonProject\\pythonProject\\Final_project\\pages\\tools.py\", line 105, in click_drill_STOMER_SAD_98290103\n    self.get_button_add_quantity().click()\n  File \"C:\\Users\\User\\PycharmProjects\\pythonProject\\pythonProject\\Final_project\\pages\\tools.py\", line 60, in get_button_add_quantity\n    return WebDriverWait(self.driver, 30).until(EC.element_to_be_clickable((By.XPATH, self.button_add_quantity)))\n  File \"C:\\Users\\User\\AppData\\Local\\Programs\\Python\\Python310\\lib\\site-packages\\selenium\\webdriver\\support\\wait.py\", line 90, in until\n    raise TimeoutException(message, screen, stacktrace)\n"}, "start": 1670241360605, "stop": 1670241392000}], "attachments": [{"name": "stdout", "source": "629f77dc-9e63-41b2-bfa4-0a3719814cc4-attachment.txt", "type": "text/plain"}], "start": 1670241345716, "stop": 1670241392031, "uuid": "ce0d1fce-104d-47e1-b775-166299e32e28", "historyId": "e199635bcb4f01e5173ce9be86da9910", "testCaseId": "0776f1166fd258c5455b9e525abc5180", "fullName": "tests.test_buy_product#test_buy_products_1", "labels": [{"name": "parentSuite", "value": "tests"}, {"name": "suite", "value": "test_buy_product"}, {"name": "host", "value": "DESKTOP-PCCPBUN"}, {"name": "thread", "value": "10256-MainThread"}, {"name": "framework", "value": "pytest"}, {"name": "language", "value": "cpython3"}, {"name": "package", "value": "tests.test_buy_product"}]}